<?xml version="1.0" encoding="UTF-8"?>
<!-- Generated by org.testng.reporters.JUnitReportReporter -->
<testsuite skipped="0" hostname="DESKTOP-77T8OHD" name="com.automation.AppTest" tests="1" failures="0" timestamp="07 Dec 2021 21:21:50 GMT" time="0.015" errors="0">
  <testcase name="shouldAnswerWithTrue" time="0.015" classname="com.automation.AppTest"/>
</testsuite> <!-- com.automation.AppTest -->
